C:\USERS\ANDY\DOCUMENTS\OF_V0.7.4_VS2010_RELEASE\APPS\ARCADEGAMELAUNCHER\GAME_PAD_TEST4\BIN\SOUNDPLAYEREXAMPLE.EXE
C:\Users\Andy\Documents\of_v0.7.4_vs2010_release\apps\arcadegamelauncher\game_pad_test4\bin\soundPlayerExample.exp
C:\Users\Andy\Documents\of_v0.7.4_vs2010_release\apps\arcadegamelauncher\game_pad_test4\bin\soundPlayerExample.lib
C:\Users\Andy\Documents\of_v0.7.4_vs2010_release\apps\arcadegamelauncher\game_pad_test4\obj\Release\cl.command.1.tlog
C:\Users\Andy\Documents\of_v0.7.4_vs2010_release\apps\arcadegamelauncher\game_pad_test4\obj\Release\CL.read.1.tlog
C:\Users\Andy\Documents\of_v0.7.4_vs2010_release\apps\arcadegamelauncher\game_pad_test4\obj\Release\CL.write.1.tlog
C:\Users\Andy\Documents\of_v0.7.4_vs2010_release\apps\arcadegamelauncher\game_pad_test4\obj\Release\link.command.1.tlog
C:\Users\Andy\Documents\of_v0.7.4_vs2010_release\apps\arcadegamelauncher\game_pad_test4\obj\Release\link.read.1.tlog
C:\Users\Andy\Documents\of_v0.7.4_vs2010_release\apps\arcadegamelauncher\game_pad_test4\obj\Release\link.write.1.tlog
C:\USERS\ANDY\DOCUMENTS\OF_V0.7.4_VS2010_RELEASE\APPS\ARCADEGAMELAUNCHER\GAME_PAD_TEST4\OBJ\RELEASE\MAIN.OBJ
C:\Users\Andy\Documents\of_v0.7.4_vs2010_release\apps\arcadegamelauncher\game_pad_test4\obj\Release\mt.command.1.tlog
C:\Users\Andy\Documents\of_v0.7.4_vs2010_release\apps\arcadegamelauncher\game_pad_test4\obj\Release\mt.read.1.tlog
C:\Users\Andy\Documents\of_v0.7.4_vs2010_release\apps\arcadegamelauncher\game_pad_test4\obj\Release\mt.write.1.tlog
C:\USERS\ANDY\DOCUMENTS\OF_V0.7.4_VS2010_RELEASE\APPS\ARCADEGAMELAUNCHER\GAME_PAD_TEST4\OBJ\RELEASE\OFXGAMEPAD.OBJ
C:\USERS\ANDY\DOCUMENTS\OF_V0.7.4_VS2010_RELEASE\APPS\ARCADEGAMELAUNCHER\GAME_PAD_TEST4\OBJ\RELEASE\OFXGAMEPADCAMERA.OBJ
C:\USERS\ANDY\DOCUMENTS\OF_V0.7.4_VS2010_RELEASE\APPS\ARCADEGAMELAUNCHER\GAME_PAD_TEST4\OBJ\RELEASE\OFXGAMEPADHANDLER.OBJ
C:\USERS\ANDY\DOCUMENTS\OF_V0.7.4_VS2010_RELEASE\APPS\ARCADEGAMELAUNCHER\GAME_PAD_TEST4\OBJ\RELEASE\OFXGAMEPADLINUX.OBJ
C:\USERS\ANDY\DOCUMENTS\OF_V0.7.4_VS2010_RELEASE\APPS\ARCADEGAMELAUNCHER\GAME_PAD_TEST4\OBJ\RELEASE\OFXGAMEPADOIS.OBJ
C:\USERS\ANDY\DOCUMENTS\OF_V0.7.4_VS2010_RELEASE\APPS\ARCADEGAMELAUNCHER\GAME_PAD_TEST4\OBJ\RELEASE\PARTICLEMACEPC.OBJ
C:\USERS\ANDY\DOCUMENTS\OF_V0.7.4_VS2010_RELEASE\APPS\ARCADEGAMELAUNCHER\GAME_PAD_TEST4\OBJ\RELEASE\SOUNDPLAYEREXAMPLE.EXE.INTERMEDIATE.MANIFEST
C:\Users\Andy\Documents\of_v0.7.4_vs2010_release\apps\arcadegamelauncher\game_pad_test4\obj\Release\soundPlayerExample.write.1.tlog
